/home/shahid/caravel_user_project1_shaheer/Prechecks/checks/tech-files/sky130A_mr.drc:38: warning: already initialized constant DRC::DRCEngine::FEOL
/home/shahid/caravel_user_project1_shaheer/Prechecks/checks/tech-files/sky130A_mr.drc:28: warning: previous definition of FEOL was here
/home/shahid/caravel_user_project1_shaheer/Prechecks/checks/tech-files/sky130A_mr.drc:42: warning: already initialized constant DRC::DRCEngine::BEOL
/home/shahid/caravel_user_project1_shaheer/Prechecks/checks/tech-files/sky130A_mr.drc:29: warning: previous definition of BEOL was here
/home/shahid/caravel_user_project1_shaheer/Prechecks/checks/tech-files/sky130A_mr.drc:50: warning: already initialized constant DRC::DRCEngine::OFFGRID
/home/shahid/caravel_user_project1_shaheer/Prechecks/checks/tech-files/sky130A_mr.drc:30: warning: previous definition of OFFGRID was here
/home/shahid/caravel_user_project1_shaheer/Prechecks/checks/tech-files/sky130A_mr.drc:56: warning: already initialized constant DRC::DRCEngine::SEAL
/home/shahid/caravel_user_project1_shaheer/Prechecks/checks/tech-files/sky130A_mr.drc:31: warning: previous definition of SEAL was here
/home/shahid/caravel_user_project1_shaheer/Prechecks/checks/tech-files/sky130A_mr.drc:62: warning: already initialized constant DRC::DRCEngine::FLOATING_MET
/home/shahid/caravel_user_project1_shaheer/Prechecks/checks/tech-files/sky130A_mr.drc:32: warning: previous definition of FLOATING_MET was here
"input" in: sky130A_mr.drc:107
    Polygons (raw): 77387 (flat)  141 (hierarchical)
    Elapsed: 0.020s  Memory: 565.00M
"polygons" in: sky130A_mr.drc:108
    Polygons (raw): 14552 (flat)  2 (hierarchical)
    Elapsed: 0.020s  Memory: 565.00M
"polygons" in: sky130A_mr.drc:109
    Polygons (raw): 53115 (flat)  52 (hierarchical)
    Elapsed: 0.010s  Memory: 565.00M
"polygons" in: sky130A_mr.drc:110
    Polygons (raw): 0 (flat)  0 (hierarchical)
    Elapsed: 0.010s  Memory: 565.00M
"polygons" in: sky130A_mr.drc:111
    Polygons (raw): 0 (flat)  0 (hierarchical)
    Elapsed: 0.010s  Memory: 565.00M
"polygons" in: sky130A_mr.drc:112
    Polygons (raw): 0 (flat)  0 (hierarchical)
    Elapsed: 0.000s  Memory: 565.00M
"polygons" in: sky130A_mr.drc:113
    Polygons (raw): 0 (flat)  0 (hierarchical)
    Elapsed: 0.010s  Memory: 565.00M
"polygons" in: sky130A_mr.drc:114
    Polygons (raw): 0 (flat)  0 (hierarchical)
    Elapsed: 0.010s  Memory: 565.00M
"polygons" in: sky130A_mr.drc:115
    Polygons (raw): 53257 (flat)  54 (hierarchical)
    Elapsed: 0.010s  Memory: 565.00M
"polygons" in: sky130A_mr.drc:116
    Polygons (raw): 0 (flat)  0 (hierarchical)
    Elapsed: 0.010s  Memory: 565.00M
"polygons" in: sky130A_mr.drc:117
    Polygons (raw): 0 (flat)  0 (hierarchical)
    Elapsed: 0.010s  Memory: 565.00M
"polygons" in: sky130A_mr.drc:118
    Polygons (raw): 0 (flat)  0 (hierarchical)
    Elapsed: 0.000s  Memory: 565.00M
"polygons" in: sky130A_mr.drc:119
    Polygons (raw): 0 (flat)  0 (hierarchical)
    Elapsed: 0.000s  Memory: 565.00M
"polygons" in: sky130A_mr.drc:120
    Polygons (raw): 79066 (flat)  301 (hierarchical)
    Elapsed: 0.020s  Memory: 565.00M
"polygons" in: sky130A_mr.drc:121
    Polygons (raw): 0 (flat)  0 (hierarchical)
    Elapsed: 0.000s  Memory: 565.00M
"polygons" in: sky130A_mr.drc:122
    Polygons (raw): 60391 (flat)  53 (hierarchical)
    Elapsed: 0.010s  Memory: 565.00M
"polygons" in: sky130A_mr.drc:123
    Polygons (raw): 60391 (flat)  53 (hierarchical)
    Elapsed: 0.010s  Memory: 565.00M
"polygons" in: sky130A_mr.drc:124
    Polygons (raw): 0 (flat)  0 (hierarchical)
    Elapsed: 0.010s  Memory: 565.00M
"polygons" in: sky130A_mr.drc:125
    Polygons (raw): 0 (flat)  0 (hierarchical)
    Elapsed: 0.010s  Memory: 565.00M
"polygons" in: sky130A_mr.drc:126
    Polygons (raw): 38235 (flat)  62 (hierarchical)
    Elapsed: 0.010s  Memory: 565.00M
"polygons" in: sky130A_mr.drc:127
    Polygons (raw): 522548 (flat)  1242 (hierarchical)
    Elapsed: 0.020s  Memory: 565.00M
"polygons" in: sky130A_mr.drc:129
    Polygons (raw): 131776 (flat)  3588 (hierarchical)
    Elapsed: 0.020s  Memory: 565.00M
"polygons" in: sky130A_mr.drc:130
    Polygons (raw): 822922 (flat)  3873 (hierarchical)
    Elapsed: 0.010s  Memory: 565.00M
"polygons" in: sky130A_mr.drc:132
    Polygons (raw): 126751 (flat)  20212 (hierarchical)
    Elapsed: 0.020s  Memory: 565.00M
"polygons" in: sky130A_mr.drc:133
    Polygons (raw): 11696 (flat)  11696 (hierarchical)
    Elapsed: 0.020s  Memory: 565.00M
"polygons" in: sky130A_mr.drc:135
    Polygons (raw): 13476 (flat)  13476 (hierarchical)
    Elapsed: 0.020s  Memory: 565.00M
"polygons" in: sky130A_mr.drc:136
    Polygons (raw): 5550 (flat)  5550 (hierarchical)
    Elapsed: 0.020s  Memory: 565.00M
"polygons" in: sky130A_mr.drc:138
    Polygons (raw): 2927 (flat)  2927 (hierarchical)
    Elapsed: 0.020s  Memory: 565.00M
"polygons" in: sky130A_mr.drc:139
    Polygons (raw): 5200 (flat)  5200 (hierarchical)
    Elapsed: 0.020s  Memory: 565.00M
"polygons" in: sky130A_mr.drc:141
    Polygons (raw): 379 (flat)  379 (hierarchical)
    Elapsed: 0.020s  Memory: 565.00M
"polygons" in: sky130A_mr.drc:142
    Polygons (raw): 12088 (flat)  12088 (hierarchical)
    Elapsed: 0.010s  Memory: 565.00M
"polygons" in: sky130A_mr.drc:144
    Polygons (raw): 172 (flat)  172 (hierarchical)
    Elapsed: 0.010s  Memory: 565.00M
"polygons" in: sky130A_mr.drc:146
    Polygons (raw): 0 (flat)  0 (hierarchical)
    Elapsed: 0.000s  Memory: 565.00M
"polygons" in: sky130A_mr.drc:147
    Polygons (raw): 0 (flat)  0 (hierarchical)
    Elapsed: 0.010s  Memory: 565.00M
"polygons" in: sky130A_mr.drc:148
    Polygons (raw): 0 (flat)  0 (hierarchical)
    Elapsed: 0.000s  Memory: 565.00M
"polygons" in: sky130A_mr.drc:149
    Polygons (raw): 0 (flat)  0 (hierarchical)
    Elapsed: 0.000s  Memory: 565.00M
"polygons" in: sky130A_mr.drc:150
    Polygons (raw): 0 (flat)  0 (hierarchical)
    Elapsed: 0.010s  Memory: 565.00M
"polygons" in: sky130A_mr.drc:151
    Polygons (raw): 0 (flat)  0 (hierarchical)
    Elapsed: 0.010s  Memory: 565.00M
"polygons" in: sky130A_mr.drc:152
    Polygons (raw): 0 (flat)  0 (hierarchical)
    Elapsed: 0.000s  Memory: 565.00M
"polygons" in: sky130A_mr.drc:153
    Polygons (raw): 0 (flat)  0 (hierarchical)
    Elapsed: 0.000s  Memory: 565.00M
"polygons" in: sky130A_mr.drc:154
    Polygons (raw): 0 (flat)  0 (hierarchical)
    Elapsed: 0.010s  Memory: 565.00M
"polygons" in: sky130A_mr.drc:155
    Polygons (raw): 0 (flat)  0 (hierarchical)
    Elapsed: 0.000s  Memory: 565.00M
"polygons" in: sky130A_mr.drc:156
    Polygons (raw): 0 (flat)  0 (hierarchical)
    Elapsed: 0.000s  Memory: 565.00M
"polygons" in: sky130A_mr.drc:157
    Polygons (raw): 0 (flat)  0 (hierarchical)
    Elapsed: 0.010s  Memory: 565.00M
"polygons" in: sky130A_mr.drc:158
    Polygons (raw): 0 (flat)  0 (hierarchical)
    Elapsed: 0.010s  Memory: 565.00M
"polygons" in: sky130A_mr.drc:159
    Polygons (raw): 0 (flat)  0 (hierarchical)
    Elapsed: 0.000s  Memory: 565.00M
"polygons" in: sky130A_mr.drc:160
    Polygons (raw): 0 (flat)  0 (hierarchical)
    Elapsed: 0.010s  Memory: 565.00M
"polygons" in: sky130A_mr.drc:161
    Polygons (raw): 0 (flat)  0 (hierarchical)
    Elapsed: 0.010s  Memory: 565.00M
"polygons" in: sky130A_mr.drc:162
    Polygons (raw): 0 (flat)  0 (hierarchical)
    Elapsed: 0.000s  Memory: 565.00M
"polygons" in: sky130A_mr.drc:163
    Polygons (raw): 53115 (flat)  52 (hierarchical)
    Elapsed: 0.010s  Memory: 566.00M
"polygons" in: sky130A_mr.drc:164
    Polygons (raw): 0 (flat)  0 (hierarchical)
    Elapsed: 0.010s  Memory: 566.00M
"polygons" in: sky130A_mr.drc:165
    Polygons (raw): 0 (flat)  0 (hierarchical)
    Elapsed: 0.000s  Memory: 566.00M
"polygons" in: sky130A_mr.drc:166
    Polygons (raw): 0 (flat)  0 (hierarchical)
    Elapsed: 0.000s  Memory: 566.00M
"polygons" in: sky130A_mr.drc:167
    Polygons (raw): 0 (flat)  0 (hierarchical)
    Elapsed: 0.010s  Memory: 566.00M
"polygons" in: sky130A_mr.drc:168
    Polygons (raw): 0 (flat)  0 (hierarchical)
    Elapsed: 0.010s  Memory: 566.00M
"polygons" in: sky130A_mr.drc:169
    Polygons (raw): 0 (flat)  0 (hierarchical)
    Elapsed: 0.000s  Memory: 566.00M
"polygons" in: sky130A_mr.drc:170
    Polygons (raw): 0 (flat)  0 (hierarchical)
    Elapsed: 0.010s  Memory: 566.00M
"polygons" in: sky130A_mr.drc:171
    Polygons (raw): 2 (flat)  2 (hierarchical)
    Elapsed: 0.010s  Memory: 566.00M
"polygons" in: sky130A_mr.drc:172
    Polygons (raw): 0 (flat)  0 (hierarchical)
    Elapsed: 0.000s  Memory: 566.00M
"polygons" in: sky130A_mr.drc:173
    Polygons (raw): 0 (flat)  0 (hierarchical)
    Elapsed: 0.010s  Memory: 566.00M
"polygons" in: sky130A_mr.drc:174
    Polygons (raw): 0 (flat)  0 (hierarchical)
    Elapsed: 0.010s  Memory: 566.00M
"polygons" in: sky130A_mr.drc:175
    Polygons (raw): 0 (flat)  0 (hierarchical)
    Elapsed: 0.010s  Memory: 566.00M
"polygons" in: sky130A_mr.drc:176
    Polygons (raw): 593 (flat)  1 (hierarchical)
    Elapsed: 0.010s  Memory: 566.00M
"polygons" in: sky130A_mr.drc:177
    Polygons (raw): 0 (flat)  0 (hierarchical)
    Elapsed: 0.010s  Memory: 566.00M
"polygons" in: sky130A_mr.drc:178
    Polygons (raw): 0 (flat)  0 (hierarchical)
    Elapsed: 0.010s  Memory: 566.00M
"polygons" in: sky130A_mr.drc:179
    Polygons (raw): 0 (flat)  0 (hierarchical)
    Elapsed: 0.000s  Memory: 566.00M
"polygons" in: sky130A_mr.drc:180
    Polygons (raw): 0 (flat)  0 (hierarchical)
    Elapsed: 0.000s  Memory: 566.00M
"polygons" in: sky130A_mr.drc:181
    Polygons (raw): 0 (flat)  0 (hierarchical)
    Elapsed: 0.010s  Memory: 566.00M
"polygons" in: sky130A_mr.drc:182
    Polygons (raw): 0 (flat)  0 (hierarchical)
    Elapsed: 0.000s  Memory: 566.00M
"polygons" in: sky130A_mr.drc:183
    Polygons (raw): 0 (flat)  0 (hierarchical)
    Elapsed: 0.000s  Memory: 566.00M
"polygons" in: sky130A_mr.drc:184
    Polygons (raw): 0 (flat)  0 (hierarchical)
    Elapsed: 0.010s  Memory: 566.00M
"polygons" in: sky130A_mr.drc:185
    Polygons (raw): 0 (flat)  0 (hierarchical)
    Elapsed: 0.010s  Memory: 566.00M
"polygons" in: sky130A_mr.drc:186
    Polygons (raw): 0 (flat)  0 (hierarchical)
    Elapsed: 0.000s  Memory: 566.00M
"polygons" in: sky130A_mr.drc:187
    Polygons (raw): 0 (flat)  0 (hierarchical)
    Elapsed: 0.000s  Memory: 566.00M
"polygons" in: sky130A_mr.drc:188
    Polygons (raw): 0 (flat)  0 (hierarchical)
    Elapsed: 0.010s  Memory: 566.00M
"polygons" in: sky130A_mr.drc:189
    Polygons (raw): 0 (flat)  0 (hierarchical)
    Elapsed: 0.010s  Memory: 566.00M
"polygons" in: sky130A_mr.drc:190
    Polygons (raw): 0 (flat)  0 (hierarchical)
    Elapsed: 0.000s  Memory: 566.00M
"polygons" in: sky130A_mr.drc:191
    Polygons (raw): 0 (flat)  0 (hierarchical)
    Elapsed: 0.010s  Memory: 566.00M
"polygons" in: sky130A_mr.drc:192
    Polygons (raw): 0 (flat)  0 (hierarchical)
    Elapsed: 0.010s  Memory: 566.00M
"polygons" in: sky130A_mr.drc:193
    Polygons (raw): 0 (flat)  0 (hierarchical)
    Elapsed: 0.000s  Memory: 566.00M
"polygons" in: sky130A_mr.drc:194
    Polygons (raw): 0 (flat)  0 (hierarchical)
    Elapsed: 0.000s  Memory: 566.00M
"polygons" in: sky130A_mr.drc:195
    Polygons (raw): 0 (flat)  0 (hierarchical)
    Elapsed: 0.010s  Memory: 566.00M
"polygons" in: sky130A_mr.drc:196
    Polygons (raw): 0 (flat)  0 (hierarchical)
    Elapsed: 0.000s  Memory: 566.00M
"polygons" in: sky130A_mr.drc:197
    Polygons (raw): 0 (flat)  0 (hierarchical)
    Elapsed: 0.000s  Memory: 566.00M
"polygons" in: sky130A_mr.drc:198
    Polygons (raw): 0 (flat)  0 (hierarchical)
    Elapsed: 0.010s  Memory: 566.00M
DRC section
BEOL section
START: 67/20 (li)
"not" in: sky130A_mr.drc:371
    Polygons (raw): 131776 (flat)  3588 (hierarchical)
    Elapsed: 0.010s  Memory: 566.00M
"width" in: sky130A_mr.drc:372
    Edge pairs: 0 (flat)  0 (hierarchical)
    Elapsed: 1.570s  Memory: 602.00M
"output" in: sky130A_mr.drc:372
    Edge pairs: 0 (flat)  0 (hierarchical)
    Elapsed: 0.000s  Memory: 602.00M
"edges" in: sky130A_mr.drc:374
    Edges: 773743 (flat)  104935 (hierarchical)
    Elapsed: 1.840s  Memory: 1146.00M
"space" in: sky130A_mr.drc:374
    Edge pairs: 0 (flat)  0 (hierarchical)
    Elapsed: 2.500s  Memory: 1192.00M
"output" in: sky130A_mr.drc:374
    Edge pairs: 0 (flat)  0 (hierarchical)
    Elapsed: 0.010s  Memory: 1192.00M
"not" in: sky130A_mr.drc:375
    Polygons (raw): 522548 (flat)  1242 (hierarchical)
    Elapsed: 0.010s  Memory: 1192.00M
"enclosing" in: sky130A_mr.drc:376
    Edge pairs: 325602 (flat)  314930 (hierarchical)
    Elapsed: 14.450s  Memory: 1192.00M
"second_edges" in: sky130A_mr.drc:376
    Edges: 325602 (flat)  314930 (hierarchical)
    Elapsed: 0.010s  Memory: 1192.00M
"width" in: sky130A_mr.drc:377
    Edge pairs: 0 (flat)  0 (hierarchical)
    Elapsed: 0.830s  Memory: 1247.00M
"polygons" in: sky130A_mr.drc:378
    Polygons (raw): 0 (flat)  0 (hierarchical)
    Elapsed: 0.000s  Memory: 1247.00M
"interacting" in: sky130A_mr.drc:378
    Polygons (raw): 0 (flat)  0 (hierarchical)
    Elapsed: 0.120s  Memory: 1247.00M
"output" in: sky130A_mr.drc:379
    Polygons (raw): 0 (flat)  0 (hierarchical)
    Elapsed: 0.010s  Memory: 1247.00M
"with_area" in: sky130A_mr.drc:380
    Polygons (raw): 0 (flat)  0 (hierarchical)
    Elapsed: 0.040s  Memory: 1247.00M
"output" in: sky130A_mr.drc:380
    Polygons (raw): 0 (flat)  0 (hierarchical)
    Elapsed: 0.010s  Memory: 1247.00M
END: 67/20 (li)
START: 67/44 (mcon)
"not" in: sky130A_mr.drc:385
    Polygons (raw): 822922 (flat)  3873 (hierarchical)
    Elapsed: 0.000s  Memory: 1247.00M
"not" in: sky130A_mr.drc:392
    Polygons (raw): 822922 (flat)  3873 (hierarchical)
    Elapsed: 0.000s  Memory: 1247.00M
"non_rectangles" in: sky130A_mr.drc:393
    Polygons (raw): 0 (flat)  0 (hierarchical)
    Elapsed: 4.880s  Memory: 1377.00M
"output" in: sky130A_mr.drc:393
    Polygons (raw): 0 (flat)  0 (hierarchical)
    Elapsed: 0.010s  Memory: 1377.00M
"drc" in: sky130A_mr.drc:395
    Edge pairs: 0 (flat)  0 (hierarchical)
    Elapsed: 5.760s  Memory: 1385.00M
"output" in: sky130A_mr.drc:395
    Edge pairs: 0 (flat)  0 (hierarchical)
    Elapsed: 0.000s  Memory: 1385.00M
"drc" in: sky130A_mr.drc:396
    Edges: 0 (flat)  0 (hierarchical)
    Elapsed: 0.990s  Memory: 1385.00M
"output" in: sky130A_mr.drc:396
    Edges: 0 (flat)  0 (hierarchical)
    Elapsed: 0.010s  Memory: 1385.00M
"space" in: sky130A_mr.drc:397
    Edge pairs: 0 (flat)  0 (hierarchical)
    Elapsed: 1.100s  Memory: 1385.00M
"output" in: sky130A_mr.drc:397
    Edge pairs: 0 (flat)  0 (hierarchical)
    Elapsed: 0.010s  Memory: 1385.00M
"not" in: sky130A_mr.drc:403
    Polygons (raw): 0 (flat)  0 (hierarchical)
    Elapsed: 1.050s  Memory: 1385.00M
"output" in: sky130A_mr.drc:403
    Polygons (raw): 0 (flat)  0 (hierarchical)
    Elapsed: 0.010s  Memory: 1385.00M
END: 67/44 (mcon)
START: 68/20 (m1)
"width" in: sky130A_mr.drc:408
    Edge pairs: 0 (flat)  0 (hierarchical)
    Elapsed: 1.340s  Memory: 1385.00M
"output" in: sky130A_mr.drc:408
    Edge pairs: 0 (flat)  0 (hierarchical)
    Elapsed: 0.010s  Memory: 1385.00M
"sized" in: sky130A_mr.drc:409
    Polygons (raw): 0 (flat)  0 (hierarchical)
    Elapsed: 0.070s  Memory: 1385.00M
"sized" in: sky130A_mr.drc:409
    Polygons (raw): 0 (flat)  0 (hierarchical)
    Elapsed: 0.000s  Memory: 1385.00M
"snap" in: sky130A_mr.drc:409
    Polygons (raw): 0 (flat)  0 (hierarchical)
    Elapsed: 0.020s  Memory: 1385.00M
"&" in: sky130A_mr.drc:409
    Polygons (raw): 0 (flat)  0 (hierarchical)
    Elapsed: 0.000s  Memory: 1385.00M
"edges" in: sky130A_mr.drc:410
    Edges: 283113 (flat)  66812 (hierarchical)
    Elapsed: 2.150s  Memory: 1385.00M
"-" in: sky130A_mr.drc:410
    Edges: 283113 (flat)  66812 (hierarchical)
    Elapsed: 0.010s  Memory: 1385.00M
"edges" in: sky130A_mr.drc:411
    Edges: 0 (flat)  0 (hierarchical)
    Elapsed: 0.010s  Memory: 1385.00M
"merged" in: sky130A_mr.drc:411
    Polygons (raw): 4246 (flat)  4017 (hierarchical)
    Elapsed: 0.010s  Memory: 1385.00M
"outside_part" in: sky130A_mr.drc:411
    Edges: 0 (flat)  0 (hierarchical)
    Elapsed: 0.010s  Memory: 1385.00M
"space" in: sky130A_mr.drc:413
    Edge pairs: 0 (flat)  0 (hierarchical)
    Elapsed: 3.180s  Memory: 1385.00M
"output" in: sky130A_mr.drc:413
    Edge pairs: 0 (flat)  0 (hierarchical)
    Elapsed: 0.010s  Memory: 1385.00M
"separation" in: sky130A_mr.drc:415
    Edge pairs: 0 (flat)  0 (hierarchical)
    Elapsed: 0.020s  Memory: 1385.00M
"space" in: sky130A_mr.drc:415
    Edge pairs: 0 (flat)  0 (hierarchical)
    Elapsed: 0.000s  Memory: 1385.00M
"+" in: sky130A_mr.drc:415
    Edge pairs: 0 (flat)  0 (hierarchical)
    Elapsed: 0.010s  Memory: 1385.00M
"output" in: sky130A_mr.drc:415
    Edge pairs: 0 (flat)  0 (hierarchical)
    Elapsed: 0.000s  Memory: 1385.00M
"input" in: sky130A_mr.drc:419
    Polygons (raw): 126751 (flat)  20396 (hierarchical)
    Elapsed: 0.020s  Memory: 1385.00M
"enclosing" in: sky130A_mr.drc:421
    Edge pairs: 0 (flat)  0 (hierarchical)
    Elapsed: 5.540s  Memory: 1385.00M
"output" in: sky130A_mr.drc:421
    Edge pairs: 0 (flat)  0 (hierarchical)
    Elapsed: 0.010s  Memory: 1385.00M
"not" in: sky130A_mr.drc:422
    Polygons (raw): 0 (flat)  0 (hierarchical)
    Elapsed: 1.430s  Memory: 1385.00M
"output" in: sky130A_mr.drc:422
    Polygons (raw): 0 (flat)  0 (hierarchical)
    Elapsed: 0.010s  Memory: 1385.00M
"input" in: sky130A_mr.drc:424
    Polygons (raw): 0 (flat)  0 (hierarchical)
    Elapsed: 0.020s  Memory: 1385.00M
"enclosing" in: sky130A_mr.drc:425
    Edge pairs: 0 (flat)  0 (hierarchical)
    Elapsed: 0.020s  Memory: 1385.00M
"output" in: sky130A_mr.drc:425
    Edge pairs: 0 (flat)  0 (hierarchical)
    Elapsed: 0.010s  Memory: 1385.00M
"not" in: sky130A_mr.drc:427
    Polygons (raw): 0 (flat)  0 (hierarchical)
    Elapsed: 0.010s  Memory: 1385.00M
"output" in: sky130A_mr.drc:427
    Polygons (raw): 0 (flat)  0 (hierarchical)
    Elapsed: 0.000s  Memory: 1385.00M
"with_area" in: sky130A_mr.drc:429
    Polygons (raw): 0 (flat)  0 (hierarchical)
    Elapsed: 0.010s  Memory: 1385.00M
"output" in: sky130A_mr.drc:429
    Polygons (raw): 0 (flat)  0 (hierarchical)
    Elapsed: 0.010s  Memory: 1385.00M
"holes" in: sky130A_mr.drc:431
    Polygons (raw): 0 (flat)  0 (hierarchical)
    Elapsed: 0.010s  Memory: 1385.00M
"with_area" in: sky130A_mr.drc:431
    Polygons (raw): 0 (flat)  0 (hierarchical)
    Elapsed: 0.020s  Memory: 1385.00M
"output" in: sky130A_mr.drc:431
    Polygons (raw): 0 (flat)  0 (hierarchical)
    Elapsed: 0.010s  Memory: 1385.00M
"enclosing" in: sky130A_mr.drc:438
    Edge pairs: 7833 (flat)  6629 (hierarchical)
    Elapsed: 4.270s  Memory: 1385.00M
"second_edges" in: sky130A_mr.drc:438
    Edges: 7833 (flat)  6629 (hierarchical)
    Elapsed: 0.010s  Memory: 1385.00M
"width" in: sky130A_mr.drc:439
    Edge pairs: 0 (flat)  0 (hierarchical)
    Elapsed: 0.050s  Memory: 1385.00M
"polygons" in: sky130A_mr.drc:440
    Polygons (raw): 0 (flat)  0 (hierarchical)
    Elapsed: 0.010s  Memory: 1385.00M
"interacting" in: sky130A_mr.drc:440
    Polygons (raw): 0 (flat)  0 (hierarchical)
    Elapsed: 4.730s  Memory: 1399.00M
"output" in: sky130A_mr.drc:441
    Polygons (raw): 0 (flat)  0 (hierarchical)
    Elapsed: 0.010s  Memory: 1399.00M
END: 68/20 (m1)
START: 68/44 (via)
"not" in: sky130A_mr.drc:455
    Polygons (raw): 11696 (flat)  11696 (hierarchical)
    Elapsed: 0.010s  Memory: 1399.00M
"non_rectangles" in: sky130A_mr.drc:457
    Polygons (raw): 0 (flat)  0 (hierarchical)
    Elapsed: 0.070s  Memory: 1399.00M
"output" in: sky130A_mr.drc:457
    Polygons (raw): 0 (flat)  0 (hierarchical)
    Elapsed: 0.000s  Memory: 1399.00M
"width" in: sky130A_mr.drc:458
    Edge pairs: 0 (flat)  0 (hierarchical)
    Elapsed: 0.010s  Memory: 1399.00M
"output" in: sky130A_mr.drc:458
    Edge pairs: 0 (flat)  0 (hierarchical)
    Elapsed: 0.010s  Memory: 1399.00M
"drc" in: sky130A_mr.drc:460
    Edges: 0 (flat)  0 (hierarchical)
    Elapsed: 0.040s  Memory: 1399.00M
"output" in: sky130A_mr.drc:460
    Edges: 0 (flat)  0 (hierarchical)
    Elapsed: 0.010s  Memory: 1399.00M
"space" in: sky130A_mr.drc:462
    Edge pairs: 0 (flat)  0 (hierarchical)
    Elapsed: 0.110s  Memory: 1399.00M
"output" in: sky130A_mr.drc:462
    Edge pairs: 0 (flat)  0 (hierarchical)
    Elapsed: 0.000s  Memory: 1399.00M
"edges" in: sky130A_mr.drc:470
    Edges: 283113 (flat)  66812 (hierarchical)
    Elapsed: 2.180s  Memory: 1399.00M
"drc" in: sky130A_mr.drc:470
    Edges: 46784 (flat)  46784 (hierarchical)
    Elapsed: 0.130s  Memory: 1399.00M
"enclosing" in: sky130A_mr.drc:470
    Edge pairs: 0 (flat)  0 (hierarchical)
    Elapsed: 3.040s  Memory: 1399.00M
"output" in: sky130A_mr.drc:470
    Edge pairs: 0 (flat)  0 (hierarchical)
    Elapsed: 0.010s  Memory: 1399.00M
"squares" in: sky130A_mr.drc:471
    Polygons (raw): 11696 (flat)  11696 (hierarchical)
    Elapsed: 0.010s  Memory: 1399.00M
"drc" in: sky130A_mr.drc:471
    Edges: 46784 (flat)  46784 (hierarchical)
    Elapsed: 0.130s  Memory: 1399.00M
"not" in: sky130A_mr.drc:471
    Edges: 0 (flat)  0 (hierarchical)
    Elapsed: 0.360s  Memory: 1399.00M
"output" in: sky130A_mr.drc:471
    Edges: 0 (flat)  0 (hierarchical)
    Elapsed: 0.010s  Memory: 1399.00M
"edges" in: sky130A_mr.drc:473
    Edges: 283113 (flat)  66812 (hierarchical)
    Elapsed: 2.210s  Memory: 1399.00M
"drc" in: sky130A_mr.drc:473
    Edges: 46784 (flat)  46784 (hierarchical)
    Elapsed: 0.140s  Memory: 1399.00M
"enclosing" in: sky130A_mr.drc:473
    Edge pairs: 10695 (flat)  10695 (hierarchical)
    Elapsed: 3.080s  Memory: 1399.00M
"second_edges" in: sky130A_mr.drc:473
    Edges: 10695 (flat)  10695 (hierarchical)
    Elapsed: 0.000s  Memory: 1399.00M
"width" in: sky130A_mr.drc:474
    Edge pairs: 0 (flat)  0 (hierarchical)
    Elapsed: 0.040s  Memory: 1399.00M
"polygons" in: sky130A_mr.drc:475
    Polygons (raw): 0 (flat)  0 (hierarchical)
    Elapsed: 0.000s  Memory: 1399.00M
"interacting" in: sky130A_mr.drc:475
    Polygons (raw): 0 (flat)  0 (hierarchical)
    Elapsed: 0.020s  Memory: 1399.00M
"output" in: sky130A_mr.drc:476
    Polygons (raw): 0 (flat)  0 (hierarchical)
    Elapsed: 0.010s  Memory: 1399.00M
END: 68/44 (via)
START: 69/20 (m2)
"width" in: sky130A_mr.drc:483
    Edge pairs: 0 (flat)  0 (hierarchical)
    Elapsed: 0.090s  Memory: 1399.00M
"output" in: sky130A_mr.drc:483
    Edge pairs: 0 (flat)  0 (hierarchical)
    Elapsed: 0.020s  Memory: 1399.00M
"sized" in: sky130A_mr.drc:485
    Polygons (raw): 0 (flat)  0 (hierarchical)
    Elapsed: 0.050s  Memory: 1399.00M
"sized" in: sky130A_mr.drc:485
    Polygons (raw): 0 (flat)  0 (hierarchical)
    Elapsed: 0.000s  Memory: 1399.00M
"snap" in: sky130A_mr.drc:485
    Polygons (raw): 0 (flat)  0 (hierarchical)
    Elapsed: 0.010s  Memory: 1399.00M
"&" in: sky130A_mr.drc:485
    Polygons (raw): 0 (flat)  0 (hierarchical)
    Elapsed: 0.000s  Memory: 1399.00M
"edges" in: sky130A_mr.drc:486
    Edges: 52054 (flat)  52054 (hierarchical)
    Elapsed: 0.200s  Memory: 1399.00M
"-" in: sky130A_mr.drc:486
    Edges: 52054 (flat)  52054 (hierarchical)
    Elapsed: 0.010s  Memory: 1399.00M
"edges" in: sky130A_mr.drc:487
    Edges: 0 (flat)  0 (hierarchical)
    Elapsed: 0.010s  Memory: 1399.00M
"merged" in: sky130A_mr.drc:487
    Polygons (raw): 4321 (flat)  4321 (hierarchical)
    Elapsed: 0.000s  Memory: 1399.00M
"outside_part" in: sky130A_mr.drc:487
    Edges: 0 (flat)  0 (hierarchical)
    Elapsed: 0.010s  Memory: 1399.00M
"not" in: sky130A_mr.drc:488
    Polygons (raw): 11696 (flat)  11696 (hierarchical)
    Elapsed: 0.000s  Memory: 1399.00M
"space" in: sky130A_mr.drc:490
    Edge pairs: 0 (flat)  0 (hierarchical)
    Elapsed: 0.370s  Memory: 1399.00M
"output" in: sky130A_mr.drc:490
    Edge pairs: 0 (flat)  0 (hierarchical)
    Elapsed: 0.010s  Memory: 1399.00M
"separation" in: sky130A_mr.drc:492
    Edge pairs: 0 (flat)  0 (hierarchical)
    Elapsed: 0.000s  Memory: 1399.00M
"space" in: sky130A_mr.drc:492
    Edge pairs: 0 (flat)  0 (hierarchical)
    Elapsed: 0.010s  Memory: 1399.00M
"+" in: sky130A_mr.drc:492
    Edge pairs: 0 (flat)  0 (hierarchical)
    Elapsed: 0.010s  Memory: 1399.00M
"output" in: sky130A_mr.drc:492
    Edge pairs: 0 (flat)  0 (hierarchical)
    Elapsed: 0.000s  Memory: 1399.00M
"with_area" in: sky130A_mr.drc:494
    Polygons (raw): 0 (flat)  0 (hierarchical)
    Elapsed: 0.020s  Memory: 1399.00M
"output" in: sky130A_mr.drc:494
    Polygons (raw): 0 (flat)  0 (hierarchical)
    Elapsed: 0.000s  Memory: 1399.00M
"holes" in: sky130A_mr.drc:495
    Polygons (raw): 0 (flat)  0 (hierarchical)
    Elapsed: 0.010s  Memory: 1399.00M
"with_area" in: sky130A_mr.drc:495
    Polygons (raw): 0 (flat)  0 (hierarchical)
    Elapsed: 0.020s  Memory: 1399.00M
"output" in: sky130A_mr.drc:495
    Polygons (raw): 0 (flat)  0 (hierarchical)
    Elapsed: 0.010s  Memory: 1399.00M
"enclosing" in: sky130A_mr.drc:500
    Edge pairs: 0 (flat)  0 (hierarchical)
    Elapsed: 0.070s  Memory: 1399.00M
"output" in: sky130A_mr.drc:500
    Edge pairs: 0 (flat)  0 (hierarchical)
    Elapsed: 0.000s  Memory: 1399.00M
"not" in: sky130A_mr.drc:501
    Polygons (raw): 0 (flat)  0 (hierarchical)
    Elapsed: 0.050s  Memory: 1399.00M
"output" in: sky130A_mr.drc:501
    Polygons (raw): 0 (flat)  0 (hierarchical)
    Elapsed: 0.000s  Memory: 1399.00M
"enclosing" in: sky130A_mr.drc:502
    Edge pairs: 13363 (flat)  13363 (hierarchical)
    Elapsed: 0.110s  Memory: 1399.00M
"second_edges" in: sky130A_mr.drc:502
    Edges: 13363 (flat)  13363 (hierarchical)
    Elapsed: 0.010s  Memory: 1399.00M
"width" in: sky130A_mr.drc:503
    Edge pairs: 0 (flat)  0 (hierarchical)
    Elapsed: 0.090s  Memory: 1399.00M
"polygons" in: sky130A_mr.drc:504
    Polygons (raw): 0 (flat)  0 (hierarchical)
    Elapsed: 0.010s  Memory: 1399.00M
"interacting" in: sky130A_mr.drc:504
    Polygons (raw): 0 (flat)  0 (hierarchical)
    Elapsed: 0.020s  Memory: 1399.00M
"output" in: sky130A_mr.drc:505
    Polygons (raw): 0 (flat)  0 (hierarchical)
    Elapsed: 0.010s  Memory: 1399.00M
END: 69/20 (m2)
START: 69/44 (via2)
"not" in: sky130A_mr.drc:520
    Polygons (raw): 5550 (flat)  5550 (hierarchical)
    Elapsed: 0.010s  Memory: 1399.00M
"non_rectangles" in: sky130A_mr.drc:521
    Polygons (raw): 0 (flat)  0 (hierarchical)
    Elapsed: 0.050s  Memory: 1399.00M
"output" in: sky130A_mr.drc:521
    Polygons (raw): 0 (flat)  0 (hierarchical)
    Elapsed: 0.010s  Memory: 1399.00M
"width" in: sky130A_mr.drc:522
    Edge pairs: 0 (flat)  0 (hierarchical)
    Elapsed: 0.010s  Memory: 1399.00M
"output" in: sky130A_mr.drc:522
    Edge pairs: 0 (flat)  0 (hierarchical)
    Elapsed: 0.010s  Memory: 1399.00M
"edges" in: sky130A_mr.drc:523
    Edges: 22200 (flat)  22200 (hierarchical)
    Elapsed: 0.040s  Memory: 1399.00M
"without_length" in: sky130A_mr.drc:523
    Edges: 0 (flat)  0 (hierarchical)
    Elapsed: 0.070s  Memory: 1399.00M
"output" in: sky130A_mr.drc:523
    Edges: 0 (flat)  0 (hierarchical)
    Elapsed: 0.010s  Memory: 1399.00M
"space" in: sky130A_mr.drc:524
    Edge pairs: 0 (flat)  0 (hierarchical)
    Elapsed: 0.060s  Memory: 1399.00M
"output" in: sky130A_mr.drc:524
    Edge pairs: 0 (flat)  0 (hierarchical)
    Elapsed: 0.010s  Memory: 1399.00M
"enclosing" in: sky130A_mr.drc:532
    Edge pairs: 0 (flat)  0 (hierarchical)
    Elapsed: 0.050s  Memory: 1399.00M
"output" in: sky130A_mr.drc:532
    Edge pairs: 0 (flat)  0 (hierarchical)
    Elapsed: 0.010s  Memory: 1399.00M
"not" in: sky130A_mr.drc:533
    Polygons (raw): 0 (flat)  0 (hierarchical)
    Elapsed: 0.030s  Memory: 1399.00M
"output" in: sky130A_mr.drc:533
    Polygons (raw): 0 (flat)  0 (hierarchical)
    Elapsed: 0.010s  Memory: 1399.00M
"enclosing" in: sky130A_mr.drc:535
    Edge pairs: 3473 (flat)  3473 (hierarchical)
    Elapsed: 0.050s  Memory: 1399.00M
"second_edges" in: sky130A_mr.drc:535
    Edges: 3473 (flat)  3473 (hierarchical)
    Elapsed: 0.000s  Memory: 1399.00M
"width" in: sky130A_mr.drc:536
    Edge pairs: 0 (flat)  0 (hierarchical)
    Elapsed: 0.030s  Memory: 1399.00M
"polygons" in: sky130A_mr.drc:537
    Polygons (raw): 0 (flat)  0 (hierarchical)
    Elapsed: 0.000s  Memory: 1399.00M
"interacting" in: sky130A_mr.drc:537
    Polygons (raw): 0 (flat)  0 (hierarchical)
    Elapsed: 0.010s  Memory: 1399.00M
"output" in: sky130A_mr.drc:538
    Polygons (raw): 0 (flat)  0 (hierarchical)
    Elapsed: 0.010s  Memory: 1399.00M
END: 69/44 (via2)
START: 70/20 (m3)
"width" in: sky130A_mr.drc:544
    Edge pairs: 0 (flat)  0 (hierarchical)
    Elapsed: 0.030s  Memory: 1399.00M
"output" in: sky130A_mr.drc:544
    Edge pairs: 0 (flat)  0 (hierarchical)
    Elapsed: 0.000s  Memory: 1399.00M
"sized" in: sky130A_mr.drc:546
    Polygons (raw): 0 (flat)  0 (hierarchical)
    Elapsed: 0.010s  Memory: 1399.00M
"sized" in: sky130A_mr.drc:546
    Polygons (raw): 0 (flat)  0 (hierarchical)
    Elapsed: 0.000s  Memory: 1399.00M
"snap" in: sky130A_mr.drc:546
    Polygons (raw): 0 (flat)  0 (hierarchical)
    Elapsed: 0.010s  Memory: 1399.00M
"&" in: sky130A_mr.drc:546
    Polygons (raw): 0 (flat)  0 (hierarchical)
    Elapsed: 0.000s  Memory: 1399.00M
"edges" in: sky130A_mr.drc:547
    Edges: 10396 (flat)  10396 (hierarchical)
    Elapsed: 0.040s  Memory: 1399.00M
"-" in: sky130A_mr.drc:547
    Edges: 10396 (flat)  10396 (hierarchical)
    Elapsed: 0.000s  Memory: 1399.00M
"edges" in: sky130A_mr.drc:548
    Edges: 0 (flat)  0 (hierarchical)
    Elapsed: 0.010s  Memory: 1399.00M
"merged" in: sky130A_mr.drc:548
    Polygons (raw): 1595 (flat)  1595 (hierarchical)
    Elapsed: 0.010s  Memory: 1399.00M
"outside_part" in: sky130A_mr.drc:548
    Edges: 0 (flat)  0 (hierarchical)
    Elapsed: 0.010s  Memory: 1399.00M
"space" in: sky130A_mr.drc:550
    Edge pairs: 0 (flat)  0 (hierarchical)
    Elapsed: 0.060s  Memory: 1399.00M
"output" in: sky130A_mr.drc:550
    Edge pairs: 0 (flat)  0 (hierarchical)
    Elapsed: 0.010s  Memory: 1399.00M
"separation" in: sky130A_mr.drc:552
    Edge pairs: 0 (flat)  0 (hierarchical)
    Elapsed: 0.010s  Memory: 1399.00M
"space" in: sky130A_mr.drc:552
    Edge pairs: 0 (flat)  0 (hierarchical)
    Elapsed: 0.000s  Memory: 1399.00M
"+" in: sky130A_mr.drc:552
    Edge pairs: 0 (flat)  0 (hierarchical)
    Elapsed: 0.010s  Memory: 1399.00M
"output" in: sky130A_mr.drc:552
    Edge pairs: 0 (flat)  0 (hierarchical)
    Elapsed: 0.000s  Memory: 1399.00M
"enclosing" in: sky130A_mr.drc:557
    Edge pairs: 0 (flat)  0 (hierarchical)
    Elapsed: 0.030s  Memory: 1399.00M
"output" in: sky130A_mr.drc:557
    Edge pairs: 0 (flat)  0 (hierarchical)
    Elapsed: 0.000s  Memory: 1399.00M
"not" in: sky130A_mr.drc:558
    Polygons (raw): 0 (flat)  0 (hierarchical)
    Elapsed: 0.020s  Memory: 1399.00M
"output" in: sky130A_mr.drc:558
    Polygons (raw): 0 (flat)  0 (hierarchical)
    Elapsed: 0.010s  Memory: 1399.00M
END: 70/20 (m3)
START: 70/44 (via3)
"not" in: sky130A_mr.drc:572
    Polygons (raw): 5200 (flat)  5200 (hierarchical)
    Elapsed: 0.010s  Memory: 1399.00M
"non_rectangles" in: sky130A_mr.drc:573
    Polygons (raw): 0 (flat)  0 (hierarchical)
    Elapsed: 0.040s  Memory: 1399.00M
"output" in: sky130A_mr.drc:573
    Polygons (raw): 0 (flat)  0 (hierarchical)
    Elapsed: 0.010s  Memory: 1399.00M
"width" in: sky130A_mr.drc:574
    Edge pairs: 0 (flat)  0 (hierarchical)
    Elapsed: 0.010s  Memory: 1399.00M
"output" in: sky130A_mr.drc:574
    Edge pairs: 0 (flat)  0 (hierarchical)
    Elapsed: 0.010s  Memory: 1399.00M
"edges" in: sky130A_mr.drc:575
    Edges: 20800 (flat)  20800 (hierarchical)
    Elapsed: 0.040s  Memory: 1399.00M
"without_length" in: sky130A_mr.drc:575
    Edges: 0 (flat)  0 (hierarchical)
    Elapsed: 0.070s  Memory: 1399.00M
"output" in: sky130A_mr.drc:575
    Edges: 0 (flat)  0 (hierarchical)
    Elapsed: 0.010s  Memory: 1399.00M
"space" in: sky130A_mr.drc:577
    Edge pairs: 0 (flat)  0 (hierarchical)
    Elapsed: 0.060s  Memory: 1399.00M
"output" in: sky130A_mr.drc:577
    Edge pairs: 0 (flat)  0 (hierarchical)
    Elapsed: 0.000s  Memory: 1399.00M
"enclosing" in: sky130A_mr.drc:578
    Edge pairs: 0 (flat)  0 (hierarchical)
    Elapsed: 0.030s  Memory: 1399.00M
"output" in: sky130A_mr.drc:578
    Edge pairs: 0 (flat)  0 (hierarchical)
    Elapsed: 0.000s  Memory: 1399.00M
"not" in: sky130A_mr.drc:579
    Polygons (raw): 0 (flat)  0 (hierarchical)
    Elapsed: 0.020s  Memory: 1399.00M
"output" in: sky130A_mr.drc:579
    Polygons (raw): 0 (flat)  0 (hierarchical)
    Elapsed: 0.000s  Memory: 1399.00M
"enclosing" in: sky130A_mr.drc:581
    Edge pairs: 10436 (flat)  10436 (hierarchical)
    Elapsed: 0.050s  Memory: 1399.00M
"second_edges" in: sky130A_mr.drc:581
    Edges: 10436 (flat)  10436 (hierarchical)
    Elapsed: 0.010s  Memory: 1399.00M
"width" in: sky130A_mr.drc:582
    Edge pairs: 0 (flat)  0 (hierarchical)
    Elapsed: 0.050s  Memory: 1399.00M
"polygons" in: sky130A_mr.drc:583
    Polygons (raw): 0 (flat)  0 (hierarchical)
    Elapsed: 0.010s  Memory: 1399.00M
"interacting" in: sky130A_mr.drc:583
    Polygons (raw): 0 (flat)  0 (hierarchical)
    Elapsed: 0.010s  Memory: 1399.00M
"output" in: sky130A_mr.drc:584
    Polygons (raw): 0 (flat)  0 (hierarchical)
    Elapsed: 0.000s  Memory: 1399.00M
END: 70/44 (via3)
START: 71/20 (m4)
"width" in: sky130A_mr.drc:590
    Edge pairs: 0 (flat)  0 (hierarchical)
    Elapsed: 0.020s  Memory: 1399.00M
"output" in: sky130A_mr.drc:590
    Edge pairs: 0 (flat)  0 (hierarchical)
    Elapsed: 0.000s  Memory: 1399.00M
"sized" in: sky130A_mr.drc:592
    Polygons (raw): 187 (flat)  187 (hierarchical)
    Elapsed: 0.010s  Memory: 1399.00M
"sized" in: sky130A_mr.drc:592
    Polygons (raw): 187 (flat)  187 (hierarchical)
    Elapsed: 0.010s  Memory: 1399.00M
"snap" in: sky130A_mr.drc:592
    Polygons (raw): 187 (flat)  187 (hierarchical)
    Elapsed: 0.030s  Memory: 1399.00M
"&" in: sky130A_mr.drc:592
    Polygons (raw): 187 (flat)  187 (hierarchical)
    Elapsed: 0.010s  Memory: 1399.00M
"edges" in: sky130A_mr.drc:593
    Edges: 1425 (flat)  1425 (hierarchical)
    Elapsed: 0.030s  Memory: 1399.00M
"-" in: sky130A_mr.drc:593
    Edges: 677 (flat)  677 (hierarchical)
    Elapsed: 0.020s  Memory: 1399.00M
"edges" in: sky130A_mr.drc:594
    Edges: 748 (flat)  748 (hierarchical)
    Elapsed: 0.010s  Memory: 1399.00M
"merged" in: sky130A_mr.drc:594
    Polygons (raw): 243 (flat)  243 (hierarchical)
    Elapsed: 0.010s  Memory: 1399.00M
"outside_part" in: sky130A_mr.drc:594
    Edges: 748 (flat)  748 (hierarchical)
    Elapsed: 0.010s  Memory: 1399.00M
"space" in: sky130A_mr.drc:596
    Edge pairs: 0 (flat)  0 (hierarchical)
    Elapsed: 0.040s  Memory: 1399.00M
"output" in: sky130A_mr.drc:596
    Edge pairs: 0 (flat)  0 (hierarchical)
    Elapsed: 0.000s  Memory: 1399.00M
"with_area" in: sky130A_mr.drc:598
    Polygons (raw): 0 (flat)  0 (hierarchical)
    Elapsed: 0.010s  Memory: 1399.00M
"output" in: sky130A_mr.drc:598
    Polygons (raw): 0 (flat)  0 (hierarchical)
    Elapsed: 0.010s  Memory: 1399.00M
"separation" in: sky130A_mr.drc:600
    Edge pairs: 0 (flat)  0 (hierarchical)
    Elapsed: 0.020s  Memory: 1399.00M
"space" in: sky130A_mr.drc:600
    Edge pairs: 0 (flat)  0 (hierarchical)
    Elapsed: 0.000s  Memory: 1399.00M
"+" in: sky130A_mr.drc:600
    Edge pairs: 0 (flat)  0 (hierarchical)
    Elapsed: 0.000s  Memory: 1399.00M
"output" in: sky130A_mr.drc:600
    Edge pairs: 0 (flat)  0 (hierarchical)
    Elapsed: 0.000s  Memory: 1399.00M
"enclosing" in: sky130A_mr.drc:605
    Edge pairs: 0 (flat)  0 (hierarchical)
    Elapsed: 0.050s  Memory: 1399.00M
"output" in: sky130A_mr.drc:605
    Edge pairs: 0 (flat)  0 (hierarchical)
    Elapsed: 0.010s  Memory: 1399.00M
"not" in: sky130A_mr.drc:606
    Polygons (raw): 0 (flat)  0 (hierarchical)
    Elapsed: 0.030s  Memory: 1399.00M
"output" in: sky130A_mr.drc:606
    Polygons (raw): 0 (flat)  0 (hierarchical)
    Elapsed: 0.010s  Memory: 1399.00M
END: 71/20 (m4)
START: 71/44 (via4)
"not" in: sky130A_mr.drc:619
    Polygons (raw): 12088 (flat)  12088 (hierarchical)
    Elapsed: 0.010s  Memory: 1399.00M
"non_rectangles" in: sky130A_mr.drc:620
    Polygons (raw): 0 (flat)  0 (hierarchical)
    Elapsed: 0.080s  Memory: 1399.00M
"output" in: sky130A_mr.drc:620
    Polygons (raw): 0 (flat)  0 (hierarchical)
    Elapsed: 0.000s  Memory: 1399.00M
"width" in: sky130A_mr.drc:621
    Edge pairs: 0 (flat)  0 (hierarchical)
    Elapsed: 0.080s  Memory: 1399.00M
"output" in: sky130A_mr.drc:621
    Edge pairs: 0 (flat)  0 (hierarchical)
    Elapsed: 0.010s  Memory: 1399.00M
"drc" in: sky130A_mr.drc:622
    Edges: 0 (flat)  0 (hierarchical)
    Elapsed: 0.030s  Memory: 1399.00M
"output" in: sky130A_mr.drc:622
    Edges: 0 (flat)  0 (hierarchical)
    Elapsed: 0.000s  Memory: 1399.00M
"space" in: sky130A_mr.drc:624
    Edge pairs: 0 (flat)  0 (hierarchical)
    Elapsed: 0.020s  Memory: 1399.00M
"polygons" in: sky130A_mr.drc:624
    Polygons (raw): 0 (flat)  0 (hierarchical)
    Elapsed: 0.000s  Memory: 1399.00M
"output" in: sky130A_mr.drc:624
    Polygons (raw): 0 (flat)  0 (hierarchical)
    Elapsed: 0.000s  Memory: 1399.00M
"enclosing" in: sky130A_mr.drc:632
    Edge pairs: 0 (flat)  0 (hierarchical)
    Elapsed: 0.070s  Memory: 1399.00M
"output" in: sky130A_mr.drc:632
    Edge pairs: 0 (flat)  0 (hierarchical)
    Elapsed: 0.000s  Memory: 1399.00M
"not" in: sky130A_mr.drc:633
    Polygons (raw): 0 (flat)  0 (hierarchical)
    Elapsed: 0.040s  Memory: 1399.00M
"output" in: sky130A_mr.drc:633
    Polygons (raw): 0 (flat)  0 (hierarchical)
    Elapsed: 0.010s  Memory: 1399.00M
END: 71/44 (via4)
START: 72/20 (m5)
"width" in: sky130A_mr.drc:638
    Edge pairs: 0 (flat)  0 (hierarchical)
    Elapsed: 0.020s  Memory: 1399.00M
"output" in: sky130A_mr.drc:638
    Edge pairs: 0 (flat)  0 (hierarchical)
    Elapsed: 0.010s  Memory: 1399.00M
"space" in: sky130A_mr.drc:640
    Edge pairs: 0 (flat)  0 (hierarchical)
    Elapsed: 0.010s  Memory: 1399.00M
"output" in: sky130A_mr.drc:640
    Edge pairs: 0 (flat)  0 (hierarchical)
    Elapsed: 0.010s  Memory: 1399.00M
"enclosing" in: sky130A_mr.drc:642
    Edge pairs: 0 (flat)  0 (hierarchical)
    Elapsed: 0.060s  Memory: 1399.00M
"output" in: sky130A_mr.drc:642
    Edge pairs: 0 (flat)  0 (hierarchical)
    Elapsed: 0.000s  Memory: 1399.00M
"not" in: sky130A_mr.drc:643
    Polygons (raw): 0 (flat)  0 (hierarchical)
    Elapsed: 0.020s  Memory: 1399.00M
"output" in: sky130A_mr.drc:643
    Polygons (raw): 0 (flat)  0 (hierarchical)
    Elapsed: 0.010s  Memory: 1399.00M
"with_area" in: sky130A_mr.drc:647
    Polygons (raw): 0 (flat)  0 (hierarchical)
    Elapsed: 0.010s  Memory: 1399.00M
"output" in: sky130A_mr.drc:647
    Polygons (raw): 0 (flat)  0 (hierarchical)
    Elapsed: 0.010s  Memory: 1399.00M
END: 72/20 (m5)
START: 76/20 (pad)
"space" in: sky130A_mr.drc:652
    Edge pairs: 0 (flat)  0 (hierarchical)
    Elapsed: 0.020s  Memory: 1399.00M
"output" in: sky130A_mr.drc:652
    Edge pairs: 0 (flat)  0 (hierarchical)
    Elapsed: 0.010s  Memory: 1399.00M
END: 76/20 (pad)
Writing report database: /home/shahid/caravel_user_project1_shaheer/precheck_results/24_AUG_2022___10_06_54/outputs/reports/klayout_beol_check.xml ..
Total elapsed: 75.300s  Memory: 1399.00M
