"polygons" in: met_min_ca_density.lydrc:35
    Polygons (raw): 144262 (flat)  3915 (hierarchical)
    Elapsed: 0.020s  Memory: 565.00M
"polygons" in: met_min_ca_density.lydrc:36
    Polygons (raw): 822922 (flat)  3873 (hierarchical)
    Elapsed: 0.020s  Memory: 565.00M
"polygons" in: met_min_ca_density.lydrc:38
    Polygons (raw): 233129 (flat)  20320 (hierarchical)
    Elapsed: 0.020s  Memory: 565.00M
"polygons" in: met_min_ca_density.lydrc:39
    Polygons (raw): 11696 (flat)  11696 (hierarchical)
    Elapsed: 0.020s  Memory: 565.00M
"polygons" in: met_min_ca_density.lydrc:41
    Polygons (raw): 14613 (flat)  14613 (hierarchical)
    Elapsed: 0.020s  Memory: 565.00M
"polygons" in: met_min_ca_density.lydrc:42
    Polygons (raw): 5550 (flat)  5550 (hierarchical)
    Elapsed: 0.020s  Memory: 565.00M
"polygons" in: met_min_ca_density.lydrc:44
    Polygons (raw): 3034 (flat)  3034 (hierarchical)
    Elapsed: 0.020s  Memory: 565.00M
"polygons" in: met_min_ca_density.lydrc:45
    Polygons (raw): 5200 (flat)  5200 (hierarchical)
    Elapsed: 0.020s  Memory: 565.00M
"polygons" in: met_min_ca_density.lydrc:47
    Polygons (raw): 578 (flat)  578 (hierarchical)
    Elapsed: 0.020s  Memory: 565.00M
"polygons" in: met_min_ca_density.lydrc:48
    Polygons (raw): 0 (flat)  0 (hierarchical)
    Elapsed: 0.000s  Memory: 565.00M
"polygons" in: met_min_ca_density.lydrc:49
    Polygons (raw): 12088 (flat)  12088 (hierarchical)
    Elapsed: 0.010s  Memory: 565.00M
"polygons" in: met_min_ca_density.lydrc:51
    Polygons (raw): 344 (flat)  344 (hierarchical)
    Elapsed: 0.000s  Memory: 565.00M
"input" in: met_min_ca_density.lydrc:53
    Polygons (raw): 2 (flat)  2 (hierarchical)
    Elapsed: 0.010s  Memory: 565.00M
"area" in: met_min_ca_density.lydrc:55
    Elapsed: 0.030s  Memory: 568.00M
"polygons" in: met_min_ca_density.lydrc:59
    Polygons (raw): 144262 (flat)  3915 (hierarchical)
    Elapsed: 0.020s  Memory: 568.00M
"area" in: met_min_ca_density.lydrc:59
    Elapsed: 1.350s  Memory: 602.00M
li1_ca_density is 0.9565701597087095
"polygons" in: met_min_ca_density.lydrc:69
    Polygons (raw): 233129 (flat)  20320 (hierarchical)
    Elapsed: 0.020s  Memory: 602.00M
"area" in: met_min_ca_density.lydrc:69
    Elapsed: 1.310s  Memory: 600.00M
m1_ca_density is 0.985915198442851
"polygons" in: met_min_ca_density.lydrc:79
    Polygons (raw): 14613 (flat)  14613 (hierarchical)
    Elapsed: 0.020s  Memory: 600.00M
"area" in: met_min_ca_density.lydrc:79
    Elapsed: 0.090s  Memory: 603.00M
m2_ca_density is 0.9868397204428705
"polygons" in: met_min_ca_density.lydrc:89
    Polygons (raw): 3034 (flat)  3034 (hierarchical)
    Elapsed: 0.010s  Memory: 603.00M
"area" in: met_min_ca_density.lydrc:89
    Elapsed: 0.030s  Memory: 603.00M
m3_ca_density is 0.9974463219542925
"polygons" in: met_min_ca_density.lydrc:99
    Polygons (raw): 578 (flat)  578 (hierarchical)
    Elapsed: 0.020s  Memory: 603.00M
"area" in: met_min_ca_density.lydrc:99
    Elapsed: 0.030s  Memory: 603.00M
m4_ca_density is 0.8480200942559153
"polygons" in: met_min_ca_density.lydrc:109
    Polygons (raw): 344 (flat)  344 (hierarchical)
    Elapsed: 0.000s  Memory: 603.00M
"area" in: met_min_ca_density.lydrc:109
    Elapsed: 0.020s  Memory: 603.00M
m5_ca_density is 0.8455329452054794
Writing report database: /home/shahid/caravel_user_project1_shaheer/precheck_results/24_AUG_2022___10_06_54/outputs/reports/klayout_met_min_ca_density_check.xml ..
Total elapsed: 3.420s  Memory: 603.00M
